mode: atomic
github.com/november1306/go-vpn/cmd/server/main.go:8.13,10.2 1 0
github.com/november1306/go-vpn/cmd/vpn-cli/main.go:8.13,10.2 1 0
github.com/november1306/go-vpn/internal/wireguard/device.go:21.73,24.16 2 3
github.com/november1306/go-vpn/internal/wireguard/device.go:24.16,26.3 1 3
github.com/november1306/go-vpn/internal/wireguard/device.go:29.2,40.8 3 0
github.com/november1306/go-vpn/internal/wireguard/device.go:44.42,45.22 1 1
github.com/november1306/go-vpn/internal/wireguard/device.go:45.22,47.3 1 1
github.com/november1306/go-vpn/internal/wireguard/device.go:48.2,48.23 1 0
github.com/november1306/go-vpn/internal/wireguard/device.go:52.41,53.22 1 2
github.com/november1306/go-vpn/internal/wireguard/device.go:53.22,55.3 1 0
github.com/november1306/go-vpn/internal/wireguard/device.go:56.2,56.19 1 2
github.com/november1306/go-vpn/internal/wireguard/device.go:56.19,58.3 1 0
github.com/november1306/go-vpn/internal/wireguard/device.go:59.2,59.12 1 2
github.com/november1306/go-vpn/internal/wireguard/device.go:63.68,66.16 2 3
github.com/november1306/go-vpn/internal/wireguard/device.go:66.16,68.3 1 0
github.com/november1306/go-vpn/internal/wireguard/device.go:71.2,78.35 5 3
github.com/november1306/go-vpn/internal/wireguard/device.go:82.54,86.2 3 3
github.com/november1306/go-vpn/internal/wireguard/device.go:89.30,94.16 3 1
github.com/november1306/go-vpn/internal/wireguard/device.go:94.16,96.3 1 0
github.com/november1306/go-vpn/internal/wireguard/device.go:98.2,105.16 6 1
github.com/november1306/go-vpn/internal/wireguard/device.go:105.16,109.3 3 1
github.com/november1306/go-vpn/internal/wireguard/device.go:112.2,113.41 2 0
github.com/november1306/go-vpn/internal/wireguard/device.go:113.41,115.3 1 0
github.com/november1306/go-vpn/internal/wireguard/device.go:117.2,118.40 2 0
github.com/november1306/go-vpn/internal/wireguard/device.go:118.40,120.3 1 0
github.com/november1306/go-vpn/internal/wireguard/device.go:122.2,123.12 2 0
